SF:/Users/luke/Documents/workspace/brgs/orm/com.brgs.orm/DbConnectionFactory.cs
DA:14,0
DA:15,0
DA:16,0
DA:17,0
DA:19,0
DA:20,0
DA:21,0
DA:22,0
DA:23,0
end_of_record
SF:/Users/luke/Documents/workspace/brgs/orm/com.brgs.orm/FileStorageFactory.cs
DA:9,0
DA:10,0
DA:11,0
DA:12,0
DA:14,0
DA:16,0
DA:17,0
DA:21,0
DA:22,0
DA:26,0
DA:27,0
end_of_record
SF:/Users/luke/Documents/workspace/brgs/orm/com.brgs.orm/RelationalDB/SqlStorageFactory.cs
DA:14,0
DA:15,0
DA:16,1
DA:17,1
DA:18,1
DA:19,1
DA:20,0
DA:21,0
DA:23,0
DA:24,0
DA:25,0
DA:35,0
DA:36,0
DA:37,0
DA:38,0
DA:39,0
DA:40,0
DA:41,0
DA:42,0
DA:43,0
DA:44,0
DA:45,0
DA:47,0
DA:48,0
DA:49,0
DA:50,0
DA:51,0
DA:52,0
DA:53,0
DA:54,0
DA:55,0
DA:56,0
DA:57,0
DA:58,0
DA:59,0
DA:60,0
DA:62,0
DA:63,0
DA:66,0
DA:67,0
DA:70,0
DA:71,0
end_of_record
SF:/Users/luke/Documents/workspace/brgs/orm/com.brgs.orm/Azure/AzureBlobBuilder.cs
DA:15,1
DA:16,1
DA:17,1
DA:19,1
DA:21,0
DA:22,1
DA:24,1
DA:25,1
DA:26,1
DA:27,1
DA:28,1
DA:29,1
DA:30,1
DA:32,0
end_of_record
SF:/Users/luke/Documents/workspace/brgs/orm/com.brgs.orm/Azure/AzureStorageFactory.cs
DA:18,14
DA:21,19
DA:22,19
DA:23,18
DA:25,19
DA:27,1
DA:28,1
DA:29,1
DA:30,0
DA:33,4
DA:34,4
DA:35,4
DA:36,0
DA:38,2
DA:39,2
DA:40,2
DA:41,1
DA:43,1
DA:44,1
DA:46,0
DA:47,1
DA:49,1
DA:51,1
DA:52,1
DA:53,1
DA:54,0
DA:56,0
DA:58,0
DA:59,0
DA:60,0
DA:61,0
DA:62,0
DA:63,0
DA:64,0
DA:65,0
DA:66,0
DA:67,0
DA:68,0
DA:69,0
DA:70,0
DA:71,0
DA:72,0
DA:73,0
DA:76,0
DA:78,0
DA:80,0
end_of_record
SF:/Users/luke/Documents/workspace/brgs/orm/com.brgs.orm/Azure/AzureTableBuilder.cs
DA:15,12
DA:17,4
DA:18,4
DA:19,4
DA:20,4
DA:22,4
DA:23,2
DA:24,2
DA:25,2
DA:27,2
DA:29,2
DA:31,0
DA:32,4
DA:33,4
DA:34,4
DA:35,4
DA:37,4
DA:39,4
DA:40,4
DA:41,4
DA:42,11
DA:43,4
DA:44,4
DA:45,3
DA:46,3
DA:47,3
DA:48,3
DA:50,0
DA:51,1
DA:53,0
DA:55,6
DA:57,3
DA:58,0
DA:60,0
DA:62,0
DA:63,2
DA:64,2
DA:65,2
DA:66,2
DA:68,2
DA:69,2
DA:71,0
DA:72,0
DA:73,0
DA:75,0
DA:78,0
DA:79,0
DA:81,0
DA:82,0
DA:83,0
DA:85,0
DA:86,0
end_of_record
SF:/Users/luke/Documents/workspace/brgs/orm/com.brgs.orm/Azure/CloudAccountBuilder.cs
DA:16,0
DA:17,0
DA:18,0
DA:19,0
DA:20,0
DA:21,0
DA:22,0
DA:23,0
DA:25,0
DA:26,0
DA:27,0
DA:29,0
DA:30,0
DA:31,0
end_of_record
SF:/Users/luke/Documents/workspace/brgs/orm/com.brgs.orm/Azure/Helpers/AzureStorageHelpers.cs
DA:10,40
DA:13,7
DA:14,7
DA:15,32
DA:16,18
DA:17,18
DA:18,18
DA:19,18
DA:20,0
DA:21,0
DA:23,13
DA:24,13
DA:25,13
DA:26,13
DA:27,13
DA:29,116
DA:30,89
DA:31,88
DA:32,4
DA:33,4
DA:34,4
DA:35,4
DA:37,91
DA:43,13
DA:44,0
end_of_record
SF:/Users/luke/Documents/workspace/brgs/orm/com.brgs.orm/Azure/Helpers/TableEntityBuilder.cs
DA:12,0
DA:13,0
DA:14,0
DA:15,0
DA:16,0
DA:17,0
DA:18,0
DA:19,0
DA:20,0
DA:21,0
DA:22,0
DA:23,0
DA:27,13
DA:28,13
DA:29,0
DA:31,13
DA:32,13
DA:33,13
DA:35,13
DA:36,13
DA:37,13
DA:38,13
DA:39,13
DA:40,13
DA:41,13
DA:42,13
DA:43,13
DA:44,13
DA:45,13
DA:46,13
DA:47,13
DA:49,87
DA:50,88
DA:51,78
DA:52,78
DA:53,79
DA:54,78
DA:56,8
DA:57,8
DA:58,8
DA:59,8
DA:60,8
DA:61,8
DA:63,8
DA:64,8
DA:65,8
DA:66,8
DA:67,8
DA:68,8
DA:70,8
DA:71,8
DA:72,8
DA:73,8
DA:74,8
DA:75,8
DA:77,8
DA:78,8
DA:79,8
DA:80,8
DA:81,8
DA:82,8
DA:84,39
DA:86,38
DA:87,38
DA:88,38
DA:89,37
DA:90,36
DA:91,37
DA:93,8
DA:94,8
DA:95,8
DA:96,8
DA:97,8
DA:98,8
DA:99,8
DA:100,8
DA:102,8
end_of_record
SF:/Users/luke/Documents/workspace/brgs/orm/com.brgs.orm/Azure/Helpers/TableEntityDecoder.cs
DA:10,7
DA:11,7
DA:12,7
DA:13,7
DA:34,7
DA:35,7
DA:36,7
DA:37,7
DA:38,7
DA:39,7
DA:40,7
DA:41,7
DA:42,7
DA:43,7
DA:44,7
DA:18,7
DA:19,7
DA:20,0
DA:22,7
DA:23,7
DA:24,7
DA:28,18
DA:29,18
DA:30,18
DA:31,18
DA:32,18
DA:33,18
DA:46,8
DA:47,8
DA:48,8
DA:50,2
DA:51,2
DA:52,2
DA:54,0
DA:55,0
DA:56,0
DA:58,2
DA:59,2
DA:60,2
DA:62,2
DA:63,2
DA:64,2
DA:66,2
DA:67,2
DA:68,2
DA:70,2
DA:71,2
DA:72,2
DA:74,0
DA:75,0
DA:76,0
end_of_record